{"/Users/diegogadens/Projetos/betting-host/bettinghost.js":{"path":"/Users/diegogadens/Projetos/betting-host/bettinghost.js","s":{"1":1,"2":1,"3":9,"4":2,"5":2,"6":7,"7":6,"8":6,"9":1,"10":1,"11":17,"12":17,"13":13,"14":4,"15":1,"16":33,"17":33,"18":11,"19":11,"20":11,"21":0,"22":12,"23":12,"24":12,"25":0,"26":9,"27":9,"28":9,"29":9,"30":9,"31":0,"32":1,"33":0,"34":1,"35":2,"36":2,"37":2,"38":2,"39":2,"40":2,"41":2,"42":2,"43":0,"44":1,"45":4,"46":4,"47":6,"48":3,"49":4,"50":4,"51":3,"52":4,"53":3,"54":3,"55":1,"56":1,"57":4,"58":4,"59":9,"60":3,"61":9,"62":0,"63":9,"64":0,"65":4,"66":4,"67":3,"68":4,"69":0,"70":4,"71":0,"72":4,"73":3,"74":3,"75":3,"76":3,"77":1,"78":1,"79":4,"80":4,"81":6,"82":3,"83":4,"84":4,"85":3,"86":4,"87":3,"88":3,"89":1,"90":1,"91":1,"92":1,"93":7,"94":1,"95":1,"96":1,"97":2,"98":1,"99":2,"100":1,"101":2,"102":1,"103":9,"104":9,"105":9,"106":1,"107":1,"108":2,"109":2,"110":2,"111":2,"112":2,"113":2,"114":2,"115":2,"116":2,"117":2,"118":2,"119":2,"120":2,"121":2,"122":2,"123":2},"b":{"1":[2,7],"2":[6,1],"3":[13,4],"4":[11,12,9,1],"5":[2,0],"6":[2,2,2],"7":[3,3],"8":[3,1],"9":[3,1],"10":[3,6],"11":[0,9],"12":[0,9],"13":[3,1],"14":[0,4],"15":[0,4],"16":[3,1],"17":[4,3,3],"18":[3,3],"19":[6,3],"20":[3,1],"21":[3,1],"22":[4,3]},"f":{"1":9,"2":17,"3":33,"4":2,"5":4,"6":6,"7":4,"8":9,"9":4,"10":6,"11":1,"12":7,"13":1,"14":2,"15":2,"16":2,"17":9,"18":2},"fnMap":{"1":{"name":"processInputTokens","line":16,"loc":{"start":{"line":16,"column":1},"end":{"line":16,"column":36}}},"2":{"name":"tokenizeLine","line":33,"loc":{"start":{"line":33,"column":1},"end":{"line":33,"column":28}}},"3":{"name":"registerBet","line":41,"loc":{"start":{"line":41,"column":1},"end":{"line":41,"column":29}}},"4":{"name":"computeResults","line":77,"loc":{"start":{"line":77,"column":1},"end":{"line":77,"column":26}}},"5":{"name":"computeWinDividends","line":92,"loc":{"start":{"line":92,"column":1},"end":{"line":92,"column":31}}},"6":{"name":"(anonymous_6)","line":99,"loc":{"start":{"line":99,"column":18},"end":{"line":99,"column":31}}},"7":{"name":"computePlaceDividends","line":118,"loc":{"start":{"line":118,"column":1},"end":{"line":118,"column":33}}},"8":{"name":"(anonymous_8)","line":130,"loc":{"start":{"line":130,"column":20},"end":{"line":130,"column":33}}},"9":{"name":"computeExactaDividends","line":160,"loc":{"start":{"line":160,"column":1},"end":{"line":160,"column":34}}},"10":{"name":"(anonymous_10)","line":166,"loc":{"start":{"line":166,"column":21},"end":{"line":166,"column":34}}},"11":{"name":"getResult","line":184,"loc":{"start":{"line":184,"column":1},"end":{"line":184,"column":21}}},"12":{"name":"getPools","line":188,"loc":{"start":{"line":188,"column":1},"end":{"line":188,"column":20}}},"13":{"name":"getDividends","line":192,"loc":{"start":{"line":192,"column":1},"end":{"line":192,"column":24}}},"14":{"name":"getBetsWin","line":196,"loc":{"start":{"line":196,"column":1},"end":{"line":196,"column":22}}},"15":{"name":"getBetsPlace","line":200,"loc":{"start":{"line":200,"column":1},"end":{"line":200,"column":24}}},"16":{"name":"getBetsExacta","line":204,"loc":{"start":{"line":204,"column":1},"end":{"line":204,"column":25}}},"17":{"name":"resetData","line":208,"loc":{"start":{"line":208,"column":1},"end":{"line":208,"column":21}}},"18":{"name":"exportFunctions","line":224,"loc":{"start":{"line":224,"column":1},"end":{"line":224,"column":27}}}},"statementMap":{"1":{"start":{"line":1,"column":0},"end":{"line":14,"column":3}},"2":{"start":{"line":16,"column":1},"end":{"line":31,"column":2}},"3":{"start":{"line":18,"column":2},"end":{"line":30,"column":16}},"4":{"start":{"line":19,"column":3},"end":{"line":19,"column":23}},"5":{"start":{"line":20,"column":3},"end":{"line":20,"column":16}},"6":{"start":{"line":21,"column":9},"end":{"line":30,"column":16}},"7":{"start":{"line":22,"column":3},"end":{"line":26,"column":5}},"8":{"start":{"line":27,"column":3},"end":{"line":27,"column":19}},"9":{"start":{"line":30,"column":3},"end":{"line":30,"column":16}},"10":{"start":{"line":33,"column":1},"end":{"line":39,"column":2}},"11":{"start":{"line":34,"column":2},"end":{"line":34,"column":31}},"12":{"start":{"line":35,"column":2},"end":{"line":38,"column":16}},"13":{"start":{"line":36,"column":3},"end":{"line":36,"column":17}},"14":{"start":{"line":38,"column":3},"end":{"line":38,"column":16}},"15":{"start":{"line":41,"column":1},"end":{"line":75,"column":2}},"16":{"start":{"line":43,"column":2},"end":{"line":47,"column":4}},"17":{"start":{"line":49,"column":2},"end":{"line":74,"column":3}},"18":{"start":{"line":52,"column":4},"end":{"line":52,"column":22}},"19":{"start":{"line":53,"column":4},"end":{"line":53,"column":35}},"20":{"start":{"line":54,"column":4},"end":{"line":54,"column":15}},"21":{"start":{"line":55,"column":4},"end":{"line":55,"column":10}},"22":{"start":{"line":58,"column":4},"end":{"line":58,"column":24}},"23":{"start":{"line":59,"column":4},"end":{"line":59,"column":37}},"24":{"start":{"line":60,"column":4},"end":{"line":60,"column":15}},"25":{"start":{"line":61,"column":4},"end":{"line":61,"column":10}},"26":{"start":{"line":64,"column":4},"end":{"line":64,"column":42}},"27":{"start":{"line":65,"column":4},"end":{"line":65,"column":42}},"28":{"start":{"line":66,"column":4},"end":{"line":66,"column":25}},"29":{"start":{"line":67,"column":4},"end":{"line":67,"column":38}},"30":{"start":{"line":68,"column":4},"end":{"line":68,"column":15}},"31":{"start":{"line":69,"column":4},"end":{"line":69,"column":10}},"32":{"start":{"line":72,"column":4},"end":{"line":72,"column":17}},"33":{"start":{"line":73,"column":4},"end":{"line":73,"column":10}},"34":{"start":{"line":77,"column":1},"end":{"line":90,"column":2}},"35":{"start":{"line":78,"column":2},"end":{"line":78,"column":40}},"36":{"start":{"line":79,"column":2},"end":{"line":79,"column":44}},"37":{"start":{"line":80,"column":2},"end":{"line":80,"column":46}},"38":{"start":{"line":82,"column":2},"end":{"line":89,"column":16}},"39":{"start":{"line":83,"column":3},"end":{"line":83,"column":29}},"40":{"start":{"line":84,"column":3},"end":{"line":84,"column":33}},"41":{"start":{"line":85,"column":3},"end":{"line":85,"column":35}},"42":{"start":{"line":86,"column":3},"end":{"line":86,"column":15}},"43":{"start":{"line":89,"column":3},"end":{"line":89,"column":16}},"44":{"start":{"line":92,"column":1},"end":{"line":116,"column":2}},"45":{"start":{"line":94,"column":2},"end":{"line":97,"column":17}},"46":{"start":{"line":99,"column":2},"end":{"line":102,"column":5}},"47":{"start":{"line":100,"column":3},"end":{"line":101,"column":45}},"48":{"start":{"line":101,"column":4},"end":{"line":101,"column":45}},"49":{"start":{"line":104,"column":2},"end":{"line":104,"column":51}},"50":{"start":{"line":106,"column":2},"end":{"line":107,"column":69}},"51":{"start":{"line":107,"column":3},"end":{"line":107,"column":69}},"52":{"start":{"line":109,"column":2},"end":{"line":115,"column":3}},"53":{"start":{"line":110,"column":3},"end":{"line":110,"column":59}},"54":{"start":{"line":111,"column":3},"end":{"line":111,"column":23}},"55":{"start":{"line":114,"column":3},"end":{"line":114,"column":16}},"56":{"start":{"line":118,"column":1},"end":{"line":157,"column":2}},"57":{"start":{"line":119,"column":2},"end":{"line":128,"column":5}},"58":{"start":{"line":130,"column":2},"end":{"line":137,"column":5}},"59":{"start":{"line":131,"column":3},"end":{"line":132,"column":52}},"60":{"start":{"line":132,"column":4},"end":{"line":132,"column":52}},"61":{"start":{"line":133,"column":3},"end":{"line":134,"column":53}},"62":{"start":{"line":134,"column":4},"end":{"line":134,"column":53}},"63":{"start":{"line":135,"column":3},"end":{"line":136,"column":52}},"64":{"start":{"line":136,"column":4},"end":{"line":136,"column":52}},"65":{"start":{"line":139,"column":2},"end":{"line":139,"column":53}},"66":{"start":{"line":141,"column":2},"end":{"line":142,"column":88}},"67":{"start":{"line":142,"column":3},"end":{"line":142,"column":88}},"68":{"start":{"line":143,"column":2},"end":{"line":144,"column":90}},"69":{"start":{"line":144,"column":3},"end":{"line":144,"column":90}},"70":{"start":{"line":145,"column":2},"end":{"line":146,"column":88}},"71":{"start":{"line":146,"column":3},"end":{"line":146,"column":88}},"72":{"start":{"line":148,"column":2},"end":{"line":155,"column":16}},"73":{"start":{"line":149,"column":3},"end":{"line":149,"column":79}},"74":{"start":{"line":150,"column":4},"end":{"line":150,"column":78}},"75":{"start":{"line":151,"column":4},"end":{"line":151,"column":69}},"76":{"start":{"line":152,"column":3},"end":{"line":152,"column":23}},"77":{"start":{"line":155,"column":3},"end":{"line":155,"column":16}},"78":{"start":{"line":160,"column":1},"end":{"line":182,"column":2}},"79":{"start":{"line":161,"column":2},"end":{"line":164,"column":17}},"80":{"start":{"line":166,"column":2},"end":{"line":169,"column":5}},"81":{"start":{"line":167,"column":3},"end":{"line":168,"column":45}},"82":{"start":{"line":168,"column":4},"end":{"line":168,"column":45}},"83":{"start":{"line":171,"column":2},"end":{"line":171,"column":54}},"84":{"start":{"line":173,"column":2},"end":{"line":174,"column":69}},"85":{"start":{"line":174,"column":3},"end":{"line":174,"column":69}},"86":{"start":{"line":176,"column":2},"end":{"line":181,"column":16}},"87":{"start":{"line":177,"column":3},"end":{"line":177,"column":87}},"88":{"start":{"line":178,"column":3},"end":{"line":178,"column":23}},"89":{"start":{"line":181,"column":3},"end":{"line":181,"column":16}},"90":{"start":{"line":184,"column":1},"end":{"line":186,"column":2}},"91":{"start":{"line":185,"column":2},"end":{"line":185,"column":16}},"92":{"start":{"line":188,"column":1},"end":{"line":190,"column":2}},"93":{"start":{"line":189,"column":2},"end":{"line":189,"column":15}},"94":{"start":{"line":192,"column":1},"end":{"line":194,"column":2}},"95":{"start":{"line":193,"column":2},"end":{"line":193,"column":19}},"96":{"start":{"line":196,"column":1},"end":{"line":198,"column":2}},"97":{"start":{"line":197,"column":2},"end":{"line":197,"column":17}},"98":{"start":{"line":200,"column":1},"end":{"line":202,"column":2}},"99":{"start":{"line":201,"column":2},"end":{"line":201,"column":19}},"100":{"start":{"line":204,"column":1},"end":{"line":206,"column":2}},"101":{"start":{"line":205,"column":2},"end":{"line":205,"column":20}},"102":{"start":{"line":208,"column":1},"end":{"line":220,"column":2}},"103":{"start":{"line":209,"column":2},"end":{"line":216,"column":3}},"104":{"start":{"line":217,"column":2},"end":{"line":217,"column":13}},"105":{"start":{"line":219,"column":2},"end":{"line":219,"column":14}},"106":{"start":{"line":222,"column":1},"end":{"line":222,"column":19}},"107":{"start":{"line":224,"column":1},"end":{"line":241,"column":2}},"108":{"start":{"line":225,"column":2},"end":{"line":225,"column":57}},"109":{"start":{"line":226,"column":2},"end":{"line":226,"column":45}},"110":{"start":{"line":227,"column":2},"end":{"line":227,"column":43}},"111":{"start":{"line":228,"column":2},"end":{"line":228,"column":49}},"112":{"start":{"line":229,"column":2},"end":{"line":229,"column":59}},"113":{"start":{"line":230,"column":2},"end":{"line":230,"column":63}},"114":{"start":{"line":231,"column":2},"end":{"line":231,"column":65}},"115":{"start":{"line":232,"column":2},"end":{"line":232,"column":39}},"116":{"start":{"line":233,"column":2},"end":{"line":233,"column":37}},"117":{"start":{"line":234,"column":2},"end":{"line":234,"column":45}},"118":{"start":{"line":235,"column":2},"end":{"line":235,"column":41}},"119":{"start":{"line":236,"column":2},"end":{"line":236,"column":45}},"120":{"start":{"line":237,"column":2},"end":{"line":237,"column":47}},"121":{"start":{"line":238,"column":2},"end":{"line":238,"column":39}},"122":{"start":{"line":239,"column":2},"end":{"line":239,"column":51}},"123":{"start":{"line":240,"column":2},"end":{"line":240,"column":14}}},"branchMap":{"1":{"line":18,"type":"if","locations":[{"start":{"line":18,"column":2},"end":{"line":18,"column":2}},{"start":{"line":18,"column":2},"end":{"line":18,"column":2}}]},"2":{"line":21,"type":"if","locations":[{"start":{"line":21,"column":9},"end":{"line":21,"column":9}},{"start":{"line":21,"column":9},"end":{"line":21,"column":9}}]},"3":{"line":35,"type":"if","locations":[{"start":{"line":35,"column":2},"end":{"line":35,"column":2}},{"start":{"line":35,"column":2},"end":{"line":35,"column":2}}]},"4":{"line":49,"type":"switch","locations":[{"start":{"line":51,"column":3},"end":{"line":55,"column":10}},{"start":{"line":57,"column":3},"end":{"line":61,"column":10}},{"start":{"line":63,"column":3},"end":{"line":69,"column":10}},{"start":{"line":71,"column":3},"end":{"line":73,"column":10}}]},"5":{"line":82,"type":"if","locations":[{"start":{"line":82,"column":2},"end":{"line":82,"column":2}},{"start":{"line":82,"column":2},"end":{"line":82,"column":2}}]},"6":{"line":82,"type":"binary-expr","locations":[{"start":{"line":82,"column":5},"end":{"line":82,"column":14}},{"start":{"line":82,"column":18},"end":{"line":82,"column":29}},{"start":{"line":82,"column":33},"end":{"line":82,"column":45}}]},"7":{"line":100,"type":"if","locations":[{"start":{"line":100,"column":3},"end":{"line":100,"column":3}},{"start":{"line":100,"column":3},"end":{"line":100,"column":3}}]},"8":{"line":106,"type":"if","locations":[{"start":{"line":106,"column":2},"end":{"line":106,"column":2}},{"start":{"line":106,"column":2},"end":{"line":106,"column":2}}]},"9":{"line":109,"type":"if","locations":[{"start":{"line":109,"column":2},"end":{"line":109,"column":2}},{"start":{"line":109,"column":2},"end":{"line":109,"column":2}}]},"10":{"line":131,"type":"if","locations":[{"start":{"line":131,"column":3},"end":{"line":131,"column":3}},{"start":{"line":131,"column":3},"end":{"line":131,"column":3}}]},"11":{"line":133,"type":"if","locations":[{"start":{"line":133,"column":3},"end":{"line":133,"column":3}},{"start":{"line":133,"column":3},"end":{"line":133,"column":3}}]},"12":{"line":135,"type":"if","locations":[{"start":{"line":135,"column":3},"end":{"line":135,"column":3}},{"start":{"line":135,"column":3},"end":{"line":135,"column":3}}]},"13":{"line":141,"type":"if","locations":[{"start":{"line":141,"column":2},"end":{"line":141,"column":2}},{"start":{"line":141,"column":2},"end":{"line":141,"column":2}}]},"14":{"line":143,"type":"if","locations":[{"start":{"line":143,"column":2},"end":{"line":143,"column":2}},{"start":{"line":143,"column":2},"end":{"line":143,"column":2}}]},"15":{"line":145,"type":"if","locations":[{"start":{"line":145,"column":2},"end":{"line":145,"column":2}},{"start":{"line":145,"column":2},"end":{"line":145,"column":2}}]},"16":{"line":148,"type":"if","locations":[{"start":{"line":148,"column":2},"end":{"line":148,"column":2}},{"start":{"line":148,"column":2},"end":{"line":148,"column":2}}]},"17":{"line":148,"type":"binary-expr","locations":[{"start":{"line":148,"column":6},"end":{"line":148,"column":18}},{"start":{"line":148,"column":24},"end":{"line":148,"column":37}},{"start":{"line":148,"column":43},"end":{"line":148,"column":55}}]},"18":{"line":167,"type":"if","locations":[{"start":{"line":167,"column":3},"end":{"line":167,"column":3}},{"start":{"line":167,"column":3},"end":{"line":167,"column":3}}]},"19":{"line":167,"type":"binary-expr","locations":[{"start":{"line":167,"column":6},"end":{"line":167,"column":38}},{"start":{"line":167,"column":42},"end":{"line":167,"column":75}}]},"20":{"line":173,"type":"if","locations":[{"start":{"line":173,"column":2},"end":{"line":173,"column":2}},{"start":{"line":173,"column":2},"end":{"line":173,"column":2}}]},"21":{"line":176,"type":"if","locations":[{"start":{"line":176,"column":2},"end":{"line":176,"column":2}},{"start":{"line":176,"column":2},"end":{"line":176,"column":2}}]},"22":{"line":176,"type":"binary-expr","locations":[{"start":{"line":176,"column":5},"end":{"line":176,"column":17}},{"start":{"line":176,"column":21},"end":{"line":176,"column":34}}]}}}}