TN:
SF:/Users/diegogadens/Projetos/betting-host/bettinghost.js
FN:16,processInputTokens
FN:33,tokenizeLine
FN:41,registerBet
FN:77,computeResults
FN:92,computeWinDividends
FN:99,(anonymous_6)
FN:118,computePlaceDividends
FN:130,(anonymous_8)
FN:160,computeExactaDividends
FN:166,(anonymous_10)
FN:184,getResult
FN:188,getPools
FN:192,getDividends
FN:196,getBetsWin
FN:200,getBetsPlace
FN:204,getBetsExacta
FN:208,resetData
FN:224,exportFunctions
FNF:18
FNH:18
FNDA:9,processInputTokens
FNDA:17,tokenizeLine
FNDA:33,registerBet
FNDA:2,computeResults
FNDA:4,computeWinDividends
FNDA:6,(anonymous_6)
FNDA:4,computePlaceDividends
FNDA:9,(anonymous_8)
FNDA:4,computeExactaDividends
FNDA:6,(anonymous_10)
FNDA:1,getResult
FNDA:7,getPools
FNDA:1,getDividends
FNDA:2,getBetsWin
FNDA:2,getBetsPlace
FNDA:2,getBetsExacta
FNDA:9,resetData
FNDA:2,exportFunctions
DA:1,1
DA:16,1
DA:18,9
DA:19,2
DA:20,2
DA:21,7
DA:22,6
DA:27,6
DA:30,1
DA:33,1
DA:34,17
DA:35,17
DA:36,13
DA:38,4
DA:41,1
DA:43,33
DA:49,33
DA:52,11
DA:53,11
DA:54,11
DA:55,0
DA:58,12
DA:59,12
DA:60,12
DA:61,0
DA:64,9
DA:65,9
DA:66,9
DA:67,9
DA:68,9
DA:69,0
DA:72,1
DA:73,0
DA:77,1
DA:78,2
DA:79,2
DA:80,2
DA:82,2
DA:83,2
DA:84,2
DA:85,2
DA:86,2
DA:89,0
DA:92,1
DA:94,4
DA:99,4
DA:100,6
DA:101,3
DA:104,4
DA:106,4
DA:107,3
DA:109,4
DA:110,3
DA:111,3
DA:114,1
DA:118,1
DA:119,4
DA:130,4
DA:131,9
DA:132,3
DA:133,9
DA:134,0
DA:135,9
DA:136,0
DA:139,4
DA:141,4
DA:142,3
DA:143,4
DA:144,0
DA:145,4
DA:146,0
DA:148,4
DA:149,3
DA:150,3
DA:151,3
DA:152,3
DA:155,1
DA:160,1
DA:161,4
DA:166,4
DA:167,6
DA:168,3
DA:171,4
DA:173,4
DA:174,3
DA:176,4
DA:177,3
DA:178,3
DA:181,1
DA:184,1
DA:185,1
DA:188,1
DA:189,7
DA:192,1
DA:193,1
DA:196,1
DA:197,2
DA:200,1
DA:201,2
DA:204,1
DA:205,2
DA:208,1
DA:209,9
DA:217,9
DA:219,9
DA:222,1
DA:224,1
DA:225,2
DA:226,2
DA:227,2
DA:228,2
DA:229,2
DA:230,2
DA:231,2
DA:232,2
DA:233,2
DA:234,2
DA:235,2
DA:236,2
DA:237,2
DA:238,2
DA:239,2
DA:240,2
LF:123
LH:114
BRDA:18,1,0,2
BRDA:18,1,1,7
BRDA:21,2,0,6
BRDA:21,2,1,1
BRDA:35,3,0,13
BRDA:35,3,1,4
BRDA:49,4,0,11
BRDA:49,4,1,12
BRDA:49,4,2,9
BRDA:49,4,3,1
BRDA:82,5,0,2
BRDA:82,5,1,0
BRDA:82,6,0,2
BRDA:82,6,1,2
BRDA:82,6,2,2
BRDA:100,7,0,3
BRDA:100,7,1,3
BRDA:106,8,0,3
BRDA:106,8,1,1
BRDA:109,9,0,3
BRDA:109,9,1,1
BRDA:131,10,0,3
BRDA:131,10,1,6
BRDA:133,11,0,0
BRDA:133,11,1,9
BRDA:135,12,0,0
BRDA:135,12,1,9
BRDA:141,13,0,3
BRDA:141,13,1,1
BRDA:143,14,0,0
BRDA:143,14,1,4
BRDA:145,15,0,0
BRDA:145,15,1,4
BRDA:148,16,0,3
BRDA:148,16,1,1
BRDA:148,17,0,4
BRDA:148,17,1,3
BRDA:148,17,2,3
BRDA:167,18,0,3
BRDA:167,18,1,3
BRDA:167,19,0,6
BRDA:167,19,1,3
BRDA:173,20,0,3
BRDA:173,20,1,1
BRDA:176,21,0,3
BRDA:176,21,1,1
BRDA:176,22,0,4
BRDA:176,22,1,3
BRF:48
BRH:43
end_of_record
